beacon/build/outputs/logs/manifest-merger-debug-report.txt
-- Merging decision tree log ---
manifest
ADDED from AndroidManifest.xml:2:1
	package
		ADDED from AndroidManifest.xml:3:5
	android:versionName
		ADDED from AndroidManifest.xml:5:5
	android:versionCode
		ADDED from AndroidManifest.xml:4:5
		INJECTED from AndroidManifest.xml:0:0
		INJECTED from AndroidManifest.xml:0:0
	xmlns:android
		ADDED from AndroidManifest.xml:2:11
uses-sdk
ADDED from AndroidManifest.xml:7:5
MERGED from programs.Beacon:appcompat_v7:unspecified:20:5
MERGED from programs.facebook-android-sdk-3.20.0:facebook:unspecified:20:5
MERGED from programs:google-play-services_lib:unspecified:23:5
	android:targetSdkVersion
		ADDED from AndroidManifest.xml:9:9
	android:minSdkVersion
		ADDED from AndroidManifest.xml:8:9
uses-feature#0x00020000
ADDED from AndroidManifest.xml:10:5
	android:glEsVersion
		ADDED from AndroidManifest.xml:11:9
	android:required
		ADDED from AndroidManifest.xml:12:9
uses-permission#android.permission.INTERNET
ADDED from AndroidManifest.xml:13:5
	android:name
		ADDED from AndroidManifest.xml:13:22
uses-permission#android.permission.ACCESS_NETWORK_STATE
ADDED from AndroidManifest.xml:14:1
	android:name
		ADDED from AndroidManifest.xml:14:18
uses-permission#android.permission.WRITE_EXTERNAL_STORAGE
ADDED from AndroidManifest.xml:15:1
	android:name
		ADDED from AndroidManifest.xml:15:18
uses-permission#com.google.android.providers.gsf.permission.READ_GSERVICES
ADDED from AndroidManifest.xml:16:2
	android:name
		ADDED from AndroidManifest.xml:16:19
uses-permission#com.example.beacon.permission.MAPS_RECEIVE
ADDED from AndroidManifest.xml:17:5
	android:name
		ADDED from AndroidManifest.xml:17:22
uses-permission#android.permission.ACCESS_FINE_LOCATION
ADDED from AndroidManifest.xml:20:1
	android:name
		ADDED from AndroidManifest.xml:20:18
permission#com.example.beacon.permission.MAPS_RECEIVE
ADDED from AndroidManifest.xml:21:5
	android:protectionLevel
		ADDED from AndroidManifest.xml:23:1
	android:name
		ADDED from AndroidManifest.xml:22:1
application
ADDED from AndroidManifest.xml:25:5
MERGED from programs.Beacon:appcompat_v7:unspecified:22:5
MERGED from programs.facebook-android-sdk-3.20.0:facebook:unspecified:22:5
MERGED from programs:google-play-services_lib:unspecified:25:5
	android:label
		ADDED from AndroidManifest.xml:28:9
	android:allowBackup
		ADDED from AndroidManifest.xml:26:9
	android:icon
		ADDED from AndroidManifest.xml:27:9
	android:theme
		ADDED from AndroidManifest.xml:29:9
meta-data#com.google.android.gms.version
ADDED from AndroidManifest.xml:31:10
	android:value
		ADDED from AndroidManifest.xml:33:5
	android:name
		ADDED from AndroidManifest.xml:32:5
meta-data#com.google.android.maps.v2.API_KEY
ADDED from AndroidManifest.xml:34:8
	android:value
		ADDED from AndroidManifest.xml:36:5
	android:name
		ADDED from AndroidManifest.xml:35:5
meta-data#com.facebook.sdk.ApplicationId
ADDED from AndroidManifest.xml:37:8
	android:value
		ADDED from AndroidManifest.xml:38:12
	android:name
		ADDED from AndroidManifest.xml:37:19
activity#com.example.beacon.StartFragment
ADDED from AndroidManifest.xml:39:9
	android:screenOrientation
		ADDED from AndroidManifest.xml:41:13
	android:name
		ADDED from AndroidManifest.xml:40:13
activity#com.facebook.LoginActivity
ADDED from AndroidManifest.xml:42:9
	android:screenOrientation
		ADDED from AndroidManifest.xml:44:13
	android:name
		ADDED from AndroidManifest.xml:43:13
activity#com.example.beacon.Listvew
ADDED from AndroidManifest.xml:46:8
	android:screenOrientation
		ADDED from AndroidManifest.xml:48:12
	android:name
		ADDED from AndroidManifest.xml:47:12
activity#com.example.beacon.Edit
ADDED from AndroidManifest.xml:50:8
	android:screenOrientation
		ADDED from AndroidManifest.xml:52:12
	android:name
		ADDED from AndroidManifest.xml:51:12
activity#com.example.beacon.Home
ADDED from AndroidManifest.xml:54:8
	android:screenOrientation
		ADDED from AndroidManifest.xml:56:12
	android:name
		ADDED from AndroidManifest.xml:55:12
activity#com.example.beacon.Warning
ADDED from AndroidManifest.xml:58:8
	android:screenOrientation
		ADDED from AndroidManifest.xml:60:12
	android:name
		ADDED from AndroidManifest.xml:59:12
activity#com.example.beacon.PostActivity
ADDED from AndroidManifest.xml:62:8
	android:screenOrientation
		ADDED from AndroidManifest.xml:64:12
	android:name
		ADDED from AndroidManifest.xml:63:12
activity#com.example.beacon.Settings
ADDED from AndroidManifest.xml:66:8
	android:screenOrientation
		ADDED from AndroidManifest.xml:68:12
	android:name
		ADDED from AndroidManifest.xml:67:12
activity#com.example.beacon.MainActivity
ADDED from AndroidManifest.xml:70:8
	android:screenOrientation
		ADDED from AndroidManifest.xml:72:12
	android:name
		ADDED from AndroidManifest.xml:71:12
activity#com.example.beacon.Login
ADDED from AndroidManifest.xml:74:8
	android:screenOrientation
		ADDED from AndroidManifest.xml:76:12
	android:name
		ADDED from AndroidManifest.xml:75:12
activity#com.example.beacon.SignUp
ADDED from AndroidManifest.xml:78:8
	android:screenOrientation
		ADDED from AndroidManifest.xml:80:12
	android:name
		ADDED from AndroidManifest.xml:79:12
activity#com.example.beacon.MapActivity
ADDED from AndroidManifest.xml:82:8
	android:screenOrientation
		ADDED from AndroidManifest.xml:84:12
	android:name
		ADDED from AndroidManifest.xml:83:12
activity#com.example.beacon.DispatchActivity
ADDED from AndroidManifest.xml:86:9
	android:screenOrientation
		ADDED from AndroidManifest.xml:88:13
	android:label
		ADDED from AndroidManifest.xml:89:13
	android:name
		ADDED from AndroidManifest.xml:87:13
intent-filter#android.intent.action.MAIN+android.intent.category.LAUNCHER
ADDED from AndroidManifest.xml:90:13
action#android.intent.action.MAIN
ADDED from AndroidManifest.xml:91:17
	android:name
		ADDED from AndroidManifest.xml:91:25
category#android.intent.category.LAUNCHER
ADDED from AndroidManifest.xml:93:17
	android:name
		ADDED from AndroidManifest.xml:93:27